
> sound-project@1.0.0 start /home/pi/node-projects/sound-project
> nodemon server.js

[33m[nodemon] 1.11.0[39m
[33m[nodemon] to restart at any time, enter `rs`[39m
[33m[nodemon] watching: *.*[39m
[32m[nodemon] starting `node server.js`[39m
events.js:161
      throw er; // Unhandled 'error' event
      ^

Error: EBADF: bad file descriptor, read

npm ERR! Linux 4.4.38-v7+
npm ERR! argv "/home/pi/.nvm/versions/node/v7.5.0/bin/node" "/home/pi/.nvm/versions/node/v7.5.0/bin/npm" "start"
npm ERR! node v7.5.0
npm ERR! npm  v4.1.2
npm ERR! code ELIFECYCLE
npm ERR! sound-project@1.0.0 start: `nodemon server.js`
npm ERR! Exit status 1
npm ERR! 
npm ERR! Failed at the sound-project@1.0.0 start script 'nodemon server.js'.
npm ERR! Make sure you have the latest version of node.js and npm installed.
npm ERR! If you do, this is most likely a problem with the sound-project package,
npm ERR! not with npm itself.
npm ERR! Tell the author that this fails on your system:
npm ERR!     nodemon server.js
npm ERR! You can get information on how to open an issue for this project with:
npm ERR!     npm bugs sound-project
npm ERR! Or if that isn't available, you can get their info via:
npm ERR!     npm owner ls sound-project
npm ERR! There is likely additional logging output above.

npm ERR! Please include the following file with any support request:
npm ERR!     /home/pi/node-projects/sound-project/npm-debug.log
Application listening on port 3000

> sound-project@1.0.0 start /home/pi/node-projects/sound-project
> nodemon server.js

[33m[nodemon] 1.11.0[39m
[33m[nodemon] to restart at any time, enter `rs`[39m
[33m[nodemon] watching: *.*[39m
[32m[nodemon] starting `node server.js`[39m
events.js:161
      throw er; // Unhandled 'error' event
      ^

Error: EBADF: bad file descriptor, read

npm ERR! Linux 4.4.38-v7+
npm ERR! argv "/home/pi/.nvm/versions/node/v7.5.0/bin/node" "/home/pi/.nvm/versions/node/v7.5.0/bin/npm" "start"
npm ERR! node v7.5.0
npm ERR! npm  v4.1.2
npm ERR! code ELIFECYCLE
npm ERR! sound-project@1.0.0 start: `nodemon server.js`
npm ERR! Exit status 1
npm ERR! 
npm ERR! Failed at the sound-project@1.0.0 start script 'nodemon server.js'.
npm ERR! Make sure you have the latest version of node.js and npm installed.
npm ERR! If you do, this is most likely a problem with the sound-project package,
npm ERR! not with npm itself.
npm ERR! Tell the author that this fails on your system:
npm ERR!     nodemon server.js
npm ERR! You can get information on how to open an issue for this project with:
npm ERR!     npm bugs sound-project
npm ERR! Or if that isn't available, you can get their info via:
npm ERR!     npm owner ls sound-project
npm ERR! There is likely additional logging output above.

npm ERR! Please include the following file with any support request:
npm ERR!     /home/pi/node-projects/sound-project/npm-debug.log
Application listening on port 3000

> sound-project@1.0.0 start /home/pi/node-projects/sound-project
> nodemon server.js

[33m[nodemon] 1.11.0[39m
[33m[nodemon] to restart at any time, enter `rs`[39m
[33m[nodemon] watching: *.*[39m
[32m[nodemon] starting `node server.js`[39m
events.js:161
      throw er; // Unhandled 'error' event
      ^

Error: EBADF: bad file descriptor, read

npm ERR! Linux 4.4.38-v7+
npm ERR! argv "/home/pi/.nvm/versions/node/v7.5.0/bin/node" "/home/pi/.nvm/versions/node/v7.5.0/bin/npm" "start"
npm ERR! node v7.5.0
npm ERR! npm  v4.1.2
npm ERR! code ELIFECYCLE
npm ERR! sound-project@1.0.0 start: `nodemon server.js`
npm ERR! Exit status 1
npm ERR! 
npm ERR! Failed at the sound-project@1.0.0 start script 'nodemon server.js'.
npm ERR! Make sure you have the latest version of node.js and npm installed.
npm ERR! If you do, this is most likely a problem with the sound-project package,
npm ERR! not with npm itself.
npm ERR! Tell the author that this fails on your system:
npm ERR!     nodemon server.js
npm ERR! You can get information on how to open an issue for this project with:
npm ERR!     npm bugs sound-project
npm ERR! Or if that isn't available, you can get their info via:
npm ERR!     npm owner ls sound-project
npm ERR! There is likely additional logging output above.

npm ERR! Please include the following file with any support request:
npm ERR!     /home/pi/node-projects/sound-project/npm-debug.log
Application listening on port 3000
Application listening on port 3000
Application listening on port 3000
Error: Parse error on line 17:
...ndCollections = []
----------------------^
Expecting 'OPEN_INVERSE_CHAIN', 'INVERSE', 'OPEN_ENDBLOCK', got 'EOF'
    at Parser.parseError (/home/pi/node-projects/sound-project/node_modules/handlebars/dist/cjs/handlebars/compiler/parser.js:267:19)
    at Parser.parse (/home/pi/node-projects/sound-project/node_modules/handlebars/dist/cjs/handlebars/compiler/parser.js:336:30)
    at HandlebarsEnvironment.parse (/home/pi/node-projects/sound-project/node_modules/handlebars/dist/cjs/handlebars/compiler/base.js:46:43)
    at compileInput (/home/pi/node-projects/sound-project/node_modules/handlebars/dist/cjs/handlebars/compiler/compiler.js:514:19)
    at ret (/home/pi/node-projects/sound-project/node_modules/handlebars/dist/cjs/handlebars/compiler/compiler.js:523:18)
    at ExpressHandlebars._renderTemplate (/home/pi/node-projects/sound-project/node_modules/express-handlebars/lib/express-handlebars.js:247:12)
    at ExpressHandlebars.<anonymous> (/home/pi/node-projects/sound-project/node_modules/express-handlebars/lib/express-handlebars.js:173:21)
Error: Parse error on line 8:
...class="sound-tag">{{}}</ul>    {{/each
-----------------------^
Expecting 'ID', 'STRING', 'NUMBER', 'BOOLEAN', 'UNDEFINED', 'NULL', 'DATA', got 'CLOSE'
    at Parser.parseError (/home/pi/node-projects/sound-project/node_modules/handlebars/dist/cjs/handlebars/compiler/parser.js:267:19)
    at Parser.parse (/home/pi/node-projects/sound-project/node_modules/handlebars/dist/cjs/handlebars/compiler/parser.js:336:30)
    at HandlebarsEnvironment.parse (/home/pi/node-projects/sound-project/node_modules/handlebars/dist/cjs/handlebars/compiler/base.js:46:43)
    at compileInput (/home/pi/node-projects/sound-project/node_modules/handlebars/dist/cjs/handlebars/compiler/compiler.js:514:19)
    at ret (/home/pi/node-projects/sound-project/node_modules/handlebars/dist/cjs/handlebars/compiler/compiler.js:523:18)
    at ExpressHandlebars._renderTemplate (/home/pi/node-projects/sound-project/node_modules/express-handlebars/lib/express-handlebars.js:247:12)
    at ExpressHandlebars.<anonymous> (/home/pi/node-projects/sound-project/node_modules/express-handlebars/lib/express-handlebars.js:173:21)
Error: Parse error on line 8:
...class="sound-tag">{{}}</ul>    {{/each
-----------------------^
Expecting 'ID', 'STRING', 'NUMBER', 'BOOLEAN', 'UNDEFINED', 'NULL', 'DATA', got 'CLOSE'
    at Parser.parseError (/home/pi/node-projects/sound-project/node_modules/handlebars/dist/cjs/handlebars/compiler/parser.js:267:19)
    at Parser.parse (/home/pi/node-projects/sound-project/node_modules/handlebars/dist/cjs/handlebars/compiler/parser.js:336:30)
    at HandlebarsEnvironment.parse (/home/pi/node-projects/sound-project/node_modules/handlebars/dist/cjs/handlebars/compiler/base.js:46:43)
    at compileInput (/home/pi/node-projects/sound-project/node_modules/handlebars/dist/cjs/handlebars/compiler/compiler.js:514:19)
    at ret (/home/pi/node-projects/sound-project/node_modules/handlebars/dist/cjs/handlebars/compiler/compiler.js:523:18)
    at ExpressHandlebars._renderTemplate (/home/pi/node-projects/sound-project/node_modules/express-handlebars/lib/express-handlebars.js:247:12)
    at ExpressHandlebars.<anonymous> (/home/pi/node-projects/sound-project/node_modules/express-handlebars/lib/express-handlebars.js:173:21)
TypeError: inverse is not a function
    at Object.<anonymous> (/home/pi/node-projects/sound-project/node_modules/handlebars/dist/cjs/handlebars/helpers/each.js:86:13)
    at Object.eval [as main] (eval at createFunctionContext (/home/pi/node-projects/sound-project/node_modules/handlebars/dist/cjs/handlebars/compiler/javascript-compiler.js:254:23), <anonymous>:14:31)
    at main (/home/pi/node-projects/sound-project/node_modules/handlebars/dist/cjs/handlebars/runtime.js:173:32)
    at ret (/home/pi/node-projects/sound-project/node_modules/handlebars/dist/cjs/handlebars/runtime.js:176:12)
    at ret (/home/pi/node-projects/sound-project/node_modules/handlebars/dist/cjs/handlebars/compiler/compiler.js:525:21)
    at ExpressHandlebars._renderTemplate (/home/pi/node-projects/sound-project/node_modules/express-handlebars/lib/express-handlebars.js:247:12)
    at ExpressHandlebars.<anonymous> (/home/pi/node-projects/sound-project/node_modules/express-handlebars/lib/express-handlebars.js:173:21)
Error: Parse error on line 8:
...class="sound-tag">{{}}</ul>    {{/each
-----------------------^
Expecting 'ID', 'STRING', 'NUMBER', 'BOOLEAN', 'UNDEFINED', 'NULL', 'DATA', got 'CLOSE'
    at Parser.parseError (/home/pi/node-projects/sound-project/node_modules/handlebars/dist/cjs/handlebars/compiler/parser.js:267:19)
    at Parser.parse (/home/pi/node-projects/sound-project/node_modules/handlebars/dist/cjs/handlebars/compiler/parser.js:336:30)
    at HandlebarsEnvironment.parse (/home/pi/node-projects/sound-project/node_modules/handlebars/dist/cjs/handlebars/compiler/base.js:46:43)
    at compileInput (/home/pi/node-projects/sound-project/node_modules/handlebars/dist/cjs/handlebars/compiler/compiler.js:514:19)
    at ret (/home/pi/node-projects/sound-project/node_modules/handlebars/dist/cjs/handlebars/compiler/compiler.js:523:18)
    at ExpressHandlebars._renderTemplate (/home/pi/node-projects/sound-project/node_modules/express-handlebars/lib/express-handlebars.js:247:12)
    at ExpressHandlebars.<anonymous> (/home/pi/node-projects/sound-project/node_modules/express-handlebars/lib/express-handlebars.js:173:21)
events.js:161
      throw er; // Unhandled 'error' event
      ^

Error: listen EADDRINUSE :::3000
    at Object.exports._errnoException (util.js:1023:11)
    at exports._exceptionWithHostPort (util.js:1046:20)
    at Server._listen2 (net.js:1261:14)
    at listen (net.js:1297:10)
    at Server.listen (net.js:1375:9)
    at Function.listen (/home/pi/node-projects/sound-project/node_modules/express/lib/application.js:617:24)
    at Object.<anonymous> (/home/pi/node-projects/sound-project/server.js:32:5)
    at Module._compile (module.js:571:32)
    at Object.Module._extensions..js (module.js:580:10)
    at Module.load (module.js:488:32)
Application listening on port 3000
Application listening on port 3000
Application listening on port 3000
Application listening on port 3000
Application listening on port 3000
Application listening on port 3000
Error: Failed to lookup view "404" in views directory "/home/pi/node-projects/sound-project/views"
    at Function.render (/home/pi/node-projects/sound-project/node_modules/express/lib/application.js:579:17)
    at ServerResponse.render (/home/pi/node-projects/sound-project/node_modules/express/lib/response.js:960:7)
    at /home/pi/node-projects/sound-project/app/routes.js:41:9
    at Layer.handle [as handle_request] (/home/pi/node-projects/sound-project/node_modules/express/lib/router/layer.js:95:5)
    at next (/home/pi/node-projects/sound-project/node_modules/express/lib/router/route.js:131:13)
    at Route.dispatch (/home/pi/node-projects/sound-project/node_modules/express/lib/router/route.js:112:3)
    at Layer.handle [as handle_request] (/home/pi/node-projects/sound-project/node_modules/express/lib/router/layer.js:95:5)
    at /home/pi/node-projects/sound-project/node_modules/express/lib/router/index.js:277:22
    at param (/home/pi/node-projects/sound-project/node_modules/express/lib/router/index.js:349:14)
    at param (/home/pi/node-projects/sound-project/node_modules/express/lib/router/index.js:365:14)
Error: Failed to lookup view "home" in views directory "/home/pi/node-projects/sound-project/views"
    at Function.render (/home/pi/node-projects/sound-project/node_modules/express/lib/application.js:579:17)
    at ServerResponse.render (/home/pi/node-projects/sound-project/node_modules/express/lib/response.js:960:7)
    at /home/pi/node-projects/sound-project/app/routes.js:3:9
    at Layer.handle [as handle_request] (/home/pi/node-projects/sound-project/node_modules/express/lib/router/layer.js:95:5)
    at next (/home/pi/node-projects/sound-project/node_modules/express/lib/router/route.js:131:13)
    at Route.dispatch (/home/pi/node-projects/sound-project/node_modules/express/lib/router/route.js:112:3)
    at Layer.handle [as handle_request] (/home/pi/node-projects/sound-project/node_modules/express/lib/router/layer.js:95:5)
    at /home/pi/node-projects/sound-project/node_modules/express/lib/router/index.js:277:22
    at Function.process_params (/home/pi/node-projects/sound-project/node_modules/express/lib/router/index.js:330:12)
    at next (/home/pi/node-projects/sound-project/node_modules/express/lib/router/index.js:271:10)
Application listening on port 3000
Application listening on port 3000
Application listening on port 3000
Application listening on port 3000
Application listening on port 3000
Application listening on port 3000
Application listening on port 3000
Application listening on port 3000
Application listening on port 3000
_http_outgoing.js:367
    throw new Error('Can\'t set headers after they are sent.');
    ^

Error: Can't set headers after they are sent.
    at ServerResponse.setHeader (_http_outgoing.js:367:11)
    at ServerResponse.header (/home/pi/node-projects/audio-supporter/node_modules/express/lib/response.js:719:10)
    at ServerResponse.send (/home/pi/node-projects/audio-supporter/node_modules/express/lib/response.js:164:12)
    at done (/home/pi/node-projects/audio-supporter/node_modules/express/lib/response.js:956:10)
    at Immediate.<anonymous> (/home/pi/node-projects/audio-supporter/node_modules/express-handlebars/lib/utils.js:26:13)
    at runCallback (timers.js:651:20)
    at tryOnImmediate (timers.js:624:5)
    at processImmediate [as _immediateCallback] (timers.js:596:5)
Application listening on port 3000

> audio-supporter@1.0.0 start /home/pi/node-projects/audio-supporter
> nodemon server.js

[33m[nodemon] 1.11.0[39m
[33m[nodemon] to restart at any time, enter `rs`[39m
[33m[nodemon] watching: *.*[39m
[32m[nodemon] starting `node server.js`[39m
events.js:161
      throw er; // Unhandled 'error' event
      ^

Error: EBADF: bad file descriptor, read

npm ERR! Linux 4.4.38-v7+
npm ERR! argv "/home/pi/.nvm/versions/node/v7.5.0/bin/node" "/home/pi/.nvm/versions/node/v7.5.0/bin/npm" "start"
npm ERR! node v7.5.0
npm ERR! npm  v4.1.2
npm ERR! code ELIFECYCLE
npm ERR! audio-supporter@1.0.0 start: `nodemon server.js`
npm ERR! Exit status 1
npm ERR! 
npm ERR! Failed at the audio-supporter@1.0.0 start script 'nodemon server.js'.
npm ERR! Make sure you have the latest version of node.js and npm installed.
npm ERR! If you do, this is most likely a problem with the audio-supporter package,
npm ERR! not with npm itself.
npm ERR! Tell the author that this fails on your system:
npm ERR!     nodemon server.js
npm ERR! You can get information on how to open an issue for this project with:
npm ERR!     npm bugs audio-supporter
npm ERR! Or if that isn't available, you can get their info via:
npm ERR!     npm owner ls audio-supporter
npm ERR! There is likely additional logging output above.

npm ERR! Please include the following file with any support request:
npm ERR!     /home/pi/node-projects/audio-supporter/npm-debug.log
events.js:161
      throw er; // Unhandled 'error' event
      ^

Error: listen EADDRINUSE :::3000
    at Object.exports._errnoException (util.js:1023:11)
    at exports._exceptionWithHostPort (util.js:1046:20)
    at Server._listen2 (net.js:1261:14)
    at listen (net.js:1297:10)
    at Server.listen (net.js:1375:9)
    at Function.listen (/home/pi/node-projects/audio-supporter/node_modules/express/lib/application.js:617:24)
    at Object.<anonymous> (/home/pi/node-projects/audio-supporter/server.js:32:5)
    at Module._compile (module.js:571:32)
    at Object.Module._extensions..js (module.js:580:10)
    at Module.load (module.js:488:32)

> audio-supporter@1.0.0 start /home/pi/node-projects/audio-supporter
> nodemon server.js

[33m[nodemon] 1.11.0[39m
[33m[nodemon] to restart at any time, enter `rs`[39m
[33m[nodemon] watching: *.*[39m
[32m[nodemon] starting `node server.js`[39m
events.js:161
      throw er; // Unhandled 'error' event
      ^

Error: EBADF: bad file descriptor, read

npm ERR! Linux 4.4.38-v7+
npm ERR! argv "/home/pi/.nvm/versions/node/v7.5.0/bin/node" "/home/pi/.nvm/versions/node/v7.5.0/bin/npm" "start"
npm ERR! node v7.5.0
npm ERR! npm  v4.1.2
npm ERR! code ELIFECYCLE
npm ERR! audio-supporter@1.0.0 start: `nodemon server.js`
npm ERR! Exit status 1
npm ERR! 
npm ERR! Failed at the audio-supporter@1.0.0 start script 'nodemon server.js'.
npm ERR! Make sure you have the latest version of node.js and npm installed.
npm ERR! If you do, this is most likely a problem with the audio-supporter package,
npm ERR! not with npm itself.
npm ERR! Tell the author that this fails on your system:
npm ERR!     nodemon server.js
npm ERR! You can get information on how to open an issue for this project with:
npm ERR!     npm bugs audio-supporter
npm ERR! Or if that isn't available, you can get their info via:
npm ERR!     npm owner ls audio-supporter
npm ERR! There is likely additional logging output above.

npm ERR! Please include the following file with any support request:
npm ERR!     /home/pi/node-projects/audio-supporter/npm-debug.log
events.js:161
      throw er; // Unhandled 'error' event
      ^

Error: listen EADDRINUSE :::3000
    at Object.exports._errnoException (util.js:1023:11)
    at exports._exceptionWithHostPort (util.js:1046:20)
    at Server._listen2 (net.js:1261:14)
    at listen (net.js:1297:10)
    at Server.listen (net.js:1375:9)
    at Function.listen (/home/pi/node-projects/audio-supporter/node_modules/express/lib/application.js:617:24)
    at Object.<anonymous> (/home/pi/node-projects/audio-supporter/server.js:32:5)
    at Module._compile (module.js:571:32)
    at Object.Module._extensions..js (module.js:580:10)
    at Module.load (module.js:488:32)
Application listening on port 3000
Application listening on port 3000
Application listening on port 3000
Application listening on port 3000
Application listening on port 3000
Application listening on port 3000
Application listening on port 3000
Application listening on port 3000
Application listening on port 3000
Application listening on port 3000
